2018-11-06 15:50:38,248 INFO: returning a logger set to level: DEBUG for module: codes [in /src/agaveflask/agaveflask/logs.py:96]
2018-11-06 15:50:38,248 DEBUG: using USER_ROLE: Internal/everyone [in /actors/codes.py:77]
2018-11-06 15:50:38,294 INFO: returning a logger set to level: DEBUG for module: auth [in /src/agaveflask/agaveflask/logs.py:96]
2018-11-06 15:50:38,322 INFO: returning a logger set to level: DEBUG for module: auth [in /src/agaveflask/agaveflask/logs.py:96]
2018-11-06 15:50:38,335 INFO: returning a logger set to level: DEBUG for module: auth [in /src/agaveflask/agaveflask/logs.py:96]
2018-11-06 15:50:38,351 INFO: returning a logger set to level: DEBUG for module: codes [in /src/agaveflask/agaveflask/logs.py:96]
2018-11-06 15:50:38,351 DEBUG: using USER_ROLE: Internal/everyone [in /actors/codes.py:77]
2018-11-06 15:50:38,352 INFO: returning a logger set to level: DEBUG for module: codes [in /src/agaveflask/agaveflask/logs.py:96]
2018-11-06 15:50:38,352 DEBUG: using USER_ROLE: Internal/everyone [in /actors/codes.py:77]
2018-11-06 15:50:38,373 INFO: returning a logger set to level: DEBUG for module: codes [in /src/agaveflask/agaveflask/logs.py:96]
2018-11-06 15:50:38,373 DEBUG: using USER_ROLE: Internal/everyone [in /actors/codes.py:77]
2018-11-06 15:50:38,400 INFO: returning a logger set to level: DEBUG for module: docker_utils [in /src/agaveflask/agaveflask/logs.py:96]
2018-11-06 15:50:38,413 INFO: returning a logger set to level: DEBUG for module: channels [in /src/agaveflask/agaveflask/logs.py:96]
2018-11-06 15:50:38,420 INFO: returning a logger set to level: DEBUG for module: channels [in /src/agaveflask/agaveflask/logs.py:96]
2018-11-06 15:50:38,444 INFO: returning a logger set to level: DEBUG for module: channels [in /src/agaveflask/agaveflask/logs.py:96]
2018-11-06 15:50:38,455 INFO: returning a logger set to level: DEBUG for module: channels [in /src/agaveflask/agaveflask/logs.py:96]
2018-11-06 15:50:38,488 INFO: returning a logger set to level: DEBUG for module: store [in /src/agaveflask/agaveflask/logs.py:96]
2018-11-06 15:50:38,497 INFO: returning a logger set to level: DEBUG for module: store [in /src/agaveflask/agaveflask/logs.py:96]
2018-11-06 15:50:38,506 INFO: returning a logger set to level: DEBUG for module: store [in /src/agaveflask/agaveflask/logs.py:96]
2018-11-06 15:50:38,550 INFO: returning a logger set to level: DEBUG for module: store [in /src/agaveflask/agaveflask/logs.py:96]
2018-11-06 15:50:38,822 INFO: returning a logger set to level: DEBUG for module: auth [in /src/agaveflask/agaveflask/logs.py:96]
2018-11-06 15:50:38,847 INFO: returning a logger set to level: DEBUG for module: codes [in /src/agaveflask/agaveflask/logs.py:96]
2018-11-06 15:50:38,847 DEBUG: using USER_ROLE: Internal/everyone [in /actors/codes.py:77]
2018-11-06 15:50:38,900 INFO: returning a logger set to level: DEBUG for module: channels [in /src/agaveflask/agaveflask/logs.py:96]
2018-11-06 15:50:38,934 INFO: returning a logger set to level: DEBUG for module: store [in /src/agaveflask/agaveflask/logs.py:96]
2018-11-06 15:50:38,958 INFO: returning a logger set to level: DEBUG for module: models [in /src/agaveflask/agaveflask/logs.py:96]
2018-11-06 15:50:38,969 INFO: returning a logger set to level: DEBUG for module: mounts [in /src/agaveflask/agaveflask/logs.py:96]
2018-11-06 15:50:38,995 INFO: returning a logger set to level: DEBUG for module: docker_utils [in /src/agaveflask/agaveflask/logs.py:96]
2018-11-06 15:50:38,995 DEBUG: host_id: 0 [in /actors/docker_utils.py:35]
2018-11-06 15:50:38,995 INFO: returning a logger set to level: DEBUG for module: worker [in /src/agaveflask/agaveflask/logs.py:96]
2018-11-06 15:50:39,003 INFO: returning a logger set to level: DEBUG for module: models [in /src/agaveflask/agaveflask/logs.py:96]
2018-11-06 15:50:39,006 INFO: returning a logger set to level: DEBUG for module: models [in /src/agaveflask/agaveflask/logs.py:96]
2018-11-06 15:50:39,007 INFO: returning a logger set to level: DEBUG for module: mounts [in /src/agaveflask/agaveflask/logs.py:96]
2018-11-06 15:50:39,014 INFO: returning a logger set to level: DEBUG for module: models [in /src/agaveflask/agaveflask/logs.py:96]
2018-11-06 15:50:39,017 INFO: returning a logger set to level: DEBUG for module: __main__ [in /src/agaveflask/agaveflask/logs.py:96]
2018-11-06 15:50:39,018 INFO: returning a logger set to level: DEBUG for module: metrics_utils [in /src/agaveflask/agaveflask/logs.py:96]
2018-11-06 15:50:39,018 INFO: returning a logger set to level: DEBUG for module: controllers [in /src/agaveflask/agaveflask/logs.py:96]
2018-11-06 15:50:39,021 INFO: returning a logger set to level: DEBUG for module: mounts [in /src/agaveflask/agaveflask/logs.py:96]
2018-11-06 15:50:39,036 INFO: returning a logger set to level: DEBUG for module: docker_utils [in /src/agaveflask/agaveflask/logs.py:96]
2018-11-06 15:50:39,036 DEBUG: host_id: 0 [in /actors/docker_utils.py:35]
2018-11-06 15:50:39,036 INFO: returning a logger set to level: DEBUG for module: worker [in /src/agaveflask/agaveflask/logs.py:96]
2018-11-06 15:50:39,048 INFO: returning a logger set to level: DEBUG for module: docker_utils [in /src/agaveflask/agaveflask/logs.py:96]
2018-11-06 15:50:39,048 DEBUG: host_id: 0 [in /actors/docker_utils.py:35]
2018-11-06 15:50:39,048 INFO: returning a logger set to level: DEBUG for module: worker [in /src/agaveflask/agaveflask/logs.py:96]
2018-11-06 15:50:39,048 INFO: returning a logger set to level: DEBUG for module: metrics_utils [in /src/agaveflask/agaveflask/logs.py:96]
2018-11-06 15:50:39,048 INFO: returning a logger set to level: DEBUG for module: controllers [in /src/agaveflask/agaveflask/logs.py:96]
2018-11-06 15:50:39,062 INFO: returning a logger set to level: DEBUG for module: metrics_utils [in /src/agaveflask/agaveflask/logs.py:96]
2018-11-06 15:50:39,062 INFO: returning a logger set to level: DEBUG for module: controllers [in /src/agaveflask/agaveflask/logs.py:96]
2018-11-06 15:50:39,064 INFO: returning a logger set to level: DEBUG for module: dashboard [in /src/agaveflask/agaveflask/logs.py:96]
2018-11-06 15:50:39,064 INFO: returning a logger set to level: DEBUG for module: models [in /src/agaveflask/agaveflask/logs.py:96]
2018-11-06 15:50:39,066 DEBUG: host_id: 0 [in /actors/docker_utils.py:35]
2018-11-06 15:50:39,066 INFO: returning a logger set to level: DEBUG for module: __main__ [in /src/agaveflask/agaveflask/logs.py:96]
2018-11-06 15:50:39,066 INFO: Spawner running with MAX_WORKERS = 30 [in /actors/spawner.py:25]
2018-11-06 15:50:39,308 INFO: returning a logger set to level: DEBUG for module: auth [in /src/agaveflask/agaveflask/logs.py:96]
2018-11-06 15:50:39,332 INFO: returning a logger set to level: DEBUG for module: codes [in /src/agaveflask/agaveflask/logs.py:96]
2018-11-06 15:50:39,332 DEBUG: using USER_ROLE: Internal/everyone [in /actors/codes.py:77]
2018-11-06 15:50:39,346 INFO: returning a logger set to level: DEBUG for module: auth [in /src/agaveflask/agaveflask/logs.py:96]
2018-11-06 15:50:39,350 INFO: returning a logger set to level: DEBUG for module: auth [in /src/agaveflask/agaveflask/logs.py:96]
2018-11-06 15:50:39,376 INFO: returning a logger set to level: DEBUG for module: channels [in /src/agaveflask/agaveflask/logs.py:96]
2018-11-06 15:50:39,382 INFO: returning a logger set to level: DEBUG for module: codes [in /src/agaveflask/agaveflask/logs.py:96]
2018-11-06 15:50:39,382 DEBUG: using USER_ROLE: Internal/everyone [in /actors/codes.py:77]
2018-11-06 15:50:39,386 INFO: returning a logger set to level: DEBUG for module: codes [in /src/agaveflask/agaveflask/logs.py:96]
2018-11-06 15:50:39,386 DEBUG: using USER_ROLE: Internal/everyone [in /actors/codes.py:77]
2018-11-06 15:50:39,407 INFO: returning a logger set to level: DEBUG for module: store [in /src/agaveflask/agaveflask/logs.py:96]
2018-11-06 15:50:39,413 INFO: returning a logger set to level: DEBUG for module: models [in /src/agaveflask/agaveflask/logs.py:96]
2018-11-06 15:50:39,416 INFO: returning a logger set to level: DEBUG for module: mounts [in /src/agaveflask/agaveflask/logs.py:96]
2018-11-06 15:50:39,438 INFO: returning a logger set to level: DEBUG for module: channels [in /src/agaveflask/agaveflask/logs.py:96]
2018-11-06 15:50:39,440 INFO: returning a logger set to level: DEBUG for module: docker_utils [in /src/agaveflask/agaveflask/logs.py:96]
2018-11-06 15:50:39,440 DEBUG: host_id: 0 [in /actors/docker_utils.py:35]
2018-11-06 15:50:39,441 INFO: returning a logger set to level: DEBUG for module: worker [in /src/agaveflask/agaveflask/logs.py:96]
2018-11-06 15:50:39,454 INFO: returning a logger set to level: DEBUG for module: channels [in /src/agaveflask/agaveflask/logs.py:96]
2018-11-06 15:50:39,455 INFO: returning a logger set to level: DEBUG for module: metrics_utils [in /src/agaveflask/agaveflask/logs.py:96]
2018-11-06 15:50:39,455 INFO: returning a logger set to level: DEBUG for module: controllers [in /src/agaveflask/agaveflask/logs.py:96]
2018-11-06 15:50:39,484 INFO: returning a logger set to level: DEBUG for module: store [in /src/agaveflask/agaveflask/logs.py:96]
2018-11-06 15:50:39,492 INFO: returning a logger set to level: DEBUG for module: models [in /src/agaveflask/agaveflask/logs.py:96]
2018-11-06 15:50:39,495 INFO: returning a logger set to level: DEBUG for module: mounts [in /src/agaveflask/agaveflask/logs.py:96]
2018-11-06 15:50:39,498 INFO: returning a logger set to level: DEBUG for module: store [in /src/agaveflask/agaveflask/logs.py:96]
2018-11-06 15:50:39,505 INFO: returning a logger set to level: DEBUG for module: models [in /src/agaveflask/agaveflask/logs.py:96]
2018-11-06 15:50:39,507 INFO: returning a logger set to level: DEBUG for module: mounts [in /src/agaveflask/agaveflask/logs.py:96]
2018-11-06 15:50:39,520 INFO: returning a logger set to level: DEBUG for module: docker_utils [in /src/agaveflask/agaveflask/logs.py:96]
2018-11-06 15:50:39,520 DEBUG: host_id: 0 [in /actors/docker_utils.py:35]
2018-11-06 15:50:39,520 INFO: returning a logger set to level: DEBUG for module: worker [in /src/agaveflask/agaveflask/logs.py:96]
2018-11-06 15:50:39,527 INFO: returning a logger set to level: DEBUG for module: docker_utils [in /src/agaveflask/agaveflask/logs.py:96]
2018-11-06 15:50:39,527 DEBUG: host_id: 0 [in /actors/docker_utils.py:35]
2018-11-06 15:50:39,527 INFO: returning a logger set to level: DEBUG for module: worker [in /src/agaveflask/agaveflask/logs.py:96]
2018-11-06 15:50:39,534 INFO: returning a logger set to level: DEBUG for module: metrics_utils [in /src/agaveflask/agaveflask/logs.py:96]
2018-11-06 15:50:39,535 INFO: returning a logger set to level: DEBUG for module: controllers [in /src/agaveflask/agaveflask/logs.py:96]
2018-11-06 15:50:39,539 INFO: returning a logger set to level: DEBUG for module: metrics_utils [in /src/agaveflask/agaveflask/logs.py:96]
2018-11-06 15:50:39,539 INFO: returning a logger set to level: DEBUG for module: controllers [in /src/agaveflask/agaveflask/logs.py:96]
2018-11-06 15:50:39,540 INFO: returning a logger set to level: DEBUG for module: dashboard [in /src/agaveflask/agaveflask/logs.py:96]
2018-11-06 15:50:41,675 INFO: spawner made connection to rabbit, entering main loop [in /actors/spawner.py:288]
2018-11-06 15:50:41,675 INFO: spawner using abaco_conf_host_path=/local-dev.conf [in /actors/spawner.py:289]
2018-11-06 15:50:41,675 DEBUG: top of overloaded [in /actors/spawner.py:72]
2018-11-06 15:50:41,676 DEBUG: top of get_tot_workers [in /actors/spawner.py:61]
2018-11-06 15:50:41,676 DEBUG: spawner host_id: 0 [in /actors/spawner.py:63]
2018-11-06 15:50:41,679 DEBUG: returning total workers: 0 [in /actors/spawner.py:68]
2018-11-06 15:50:41,679 INFO: total workers for this host: 0 [in /actors/spawner.py:74]
2018-11-06 15:50:41,684 INFO: client generator made connection to rabbit, entering main loop [in /actors/clients.py:233]
2018-11-06 15:50:53,569 INFO: returning a logger set to level: DEBUG for module: auth [in /src/agaveflask/agaveflask/logs.py:96]
2018-11-06 15:50:53,575 INFO: returning a logger set to level: DEBUG for module: auth [in /src/agaveflask/agaveflask/logs.py:96]
2018-11-06 15:50:53,602 INFO: returning a logger set to level: DEBUG for module: codes [in /src/agaveflask/agaveflask/logs.py:96]
2018-11-06 15:50:53,603 DEBUG: using USER_ROLE: Internal/everyone [in /actors/codes.py:77]
2018-11-06 15:50:53,616 INFO: returning a logger set to level: DEBUG for module: codes [in /src/agaveflask/agaveflask/logs.py:96]
2018-11-06 15:50:53,616 DEBUG: using USER_ROLE: Internal/everyone [in /actors/codes.py:77]
2018-11-06 15:50:53,669 INFO: returning a logger set to level: DEBUG for module: channels [in /src/agaveflask/agaveflask/logs.py:96]
2018-11-06 15:50:53,677 INFO: returning a logger set to level: DEBUG for module: channels [in /src/agaveflask/agaveflask/logs.py:96]
2018-11-06 15:50:53,719 INFO: returning a logger set to level: DEBUG for module: store [in /src/agaveflask/agaveflask/logs.py:96]
2018-11-06 15:50:53,725 INFO: returning a logger set to level: DEBUG for module: codes [in /src/agaveflask/agaveflask/logs.py:96]
2018-11-06 15:50:53,725 DEBUG: using USER_ROLE: Internal/everyone [in /actors/codes.py:77]
2018-11-06 15:50:53,728 INFO: returning a logger set to level: DEBUG for module: store [in /src/agaveflask/agaveflask/logs.py:96]
2018-11-06 15:50:53,743 INFO: returning a logger set to level: DEBUG for module: models [in /src/agaveflask/agaveflask/logs.py:96]
2018-11-06 15:50:53,744 INFO: returning a logger set to level: DEBUG for module: models [in /src/agaveflask/agaveflask/logs.py:96]
2018-11-06 15:50:53,746 INFO: returning a logger set to level: DEBUG for module: __main__ [in /src/agaveflask/agaveflask/logs.py:96]
2018-11-06 15:50:53,748 INFO: returning a logger set to level: DEBUG for module: mounts [in /src/agaveflask/agaveflask/logs.py:96]
2018-11-06 15:50:53,787 INFO: returning a logger set to level: DEBUG for module: docker_utils [in /src/agaveflask/agaveflask/logs.py:96]
2018-11-06 15:50:53,787 DEBUG: host_id: 0 [in /actors/docker_utils.py:35]
2018-11-06 15:50:53,788 INFO: returning a logger set to level: DEBUG for module: worker [in /src/agaveflask/agaveflask/logs.py:96]
2018-11-06 15:50:53,806 INFO: returning a logger set to level: DEBUG for module: metrics_utils [in /src/agaveflask/agaveflask/logs.py:96]
2018-11-06 15:50:53,807 INFO: returning a logger set to level: DEBUG for module: controllers [in /src/agaveflask/agaveflask/logs.py:96]
2018-11-06 15:50:53,863 INFO: returning a logger set to level: DEBUG for module: docker_utils [in /src/agaveflask/agaveflask/logs.py:96]
2018-11-06 15:50:53,876 INFO: returning a logger set to level: DEBUG for module: channels [in /src/agaveflask/agaveflask/logs.py:96]
2018-11-06 15:50:54,077 INFO: returning a logger set to level: DEBUG for module: store [in /src/agaveflask/agaveflask/logs.py:96]
2018-11-06 15:50:54,090 INFO: returning a logger set to level: DEBUG for module: models [in /src/agaveflask/agaveflask/logs.py:96]
2018-11-06 15:50:54,092 DEBUG: host_id: 0 [in /actors/docker_utils.py:35]
2018-11-06 15:50:54,092 INFO: returning a logger set to level: DEBUG for module: __main__ [in /src/agaveflask/agaveflask/logs.py:96]
2018-11-06 15:50:54,093 INFO: Spawner running with MAX_WORKERS = 30 [in /actors/spawner.py:25]
2018-11-06 15:50:54,220 INFO: returning a logger set to level: DEBUG for module: auth [in /src/agaveflask/agaveflask/logs.py:96]
2018-11-06 15:50:54,229 INFO: returning a logger set to level: DEBUG for module: auth [in /src/agaveflask/agaveflask/logs.py:96]
2018-11-06 15:50:54,247 INFO: returning a logger set to level: DEBUG for module: codes [in /src/agaveflask/agaveflask/logs.py:96]
2018-11-06 15:50:54,247 DEBUG: using USER_ROLE: Internal/everyone [in /actors/codes.py:77]
2018-11-06 15:50:54,263 INFO: returning a logger set to level: DEBUG for module: auth [in /src/agaveflask/agaveflask/logs.py:96]
2018-11-06 15:50:54,263 INFO: returning a logger set to level: DEBUG for module: codes [in /src/agaveflask/agaveflask/logs.py:96]
2018-11-06 15:50:54,263 DEBUG: using USER_ROLE: Internal/everyone [in /actors/codes.py:77]
2018-11-06 15:50:54,287 INFO: returning a logger set to level: DEBUG for module: channels [in /src/agaveflask/agaveflask/logs.py:96]
2018-11-06 15:50:54,298 INFO: returning a logger set to level: DEBUG for module: codes [in /src/agaveflask/agaveflask/logs.py:96]
2018-11-06 15:50:54,298 DEBUG: using USER_ROLE: Internal/everyone [in /actors/codes.py:77]
2018-11-06 15:50:54,322 INFO: returning a logger set to level: DEBUG for module: store [in /src/agaveflask/agaveflask/logs.py:96]
2018-11-06 15:50:54,330 INFO: returning a logger set to level: DEBUG for module: models [in /src/agaveflask/agaveflask/logs.py:96]
2018-11-06 15:50:54,333 INFO: returning a logger set to level: DEBUG for module: mounts [in /src/agaveflask/agaveflask/logs.py:96]
2018-11-06 15:50:54,348 INFO: returning a logger set to level: DEBUG for module: channels [in /src/agaveflask/agaveflask/logs.py:96]
2018-11-06 15:50:54,356 INFO: returning a logger set to level: DEBUG for module: docker_utils [in /src/agaveflask/agaveflask/logs.py:96]
2018-11-06 15:50:54,356 DEBUG: host_id: 0 [in /actors/docker_utils.py:35]
2018-11-06 15:50:54,357 INFO: returning a logger set to level: DEBUG for module: worker [in /src/agaveflask/agaveflask/logs.py:96]
2018-11-06 15:50:54,369 INFO: returning a logger set to level: DEBUG for module: channels [in /src/agaveflask/agaveflask/logs.py:96]
2018-11-06 15:50:54,372 INFO: returning a logger set to level: DEBUG for module: metrics_utils [in /src/agaveflask/agaveflask/logs.py:96]
2018-11-06 15:50:54,372 INFO: returning a logger set to level: DEBUG for module: controllers [in /src/agaveflask/agaveflask/logs.py:96]
2018-11-06 15:50:54,401 INFO: returning a logger set to level: DEBUG for module: store [in /src/agaveflask/agaveflask/logs.py:96]
2018-11-06 15:50:54,409 INFO: returning a logger set to level: DEBUG for module: models [in /src/agaveflask/agaveflask/logs.py:96]
2018-11-06 15:50:54,414 INFO: returning a logger set to level: DEBUG for module: store [in /src/agaveflask/agaveflask/logs.py:96]
2018-11-06 15:50:54,422 INFO: returning a logger set to level: DEBUG for module: models [in /src/agaveflask/agaveflask/logs.py:96]
2018-11-06 15:50:54,426 INFO: returning a logger set to level: DEBUG for module: mounts [in /src/agaveflask/agaveflask/logs.py:96]
2018-11-06 15:50:54,440 INFO: returning a logger set to level: DEBUG for module: mounts [in /src/agaveflask/agaveflask/logs.py:96]
2018-11-06 15:50:54,459 INFO: returning a logger set to level: DEBUG for module: docker_utils [in /src/agaveflask/agaveflask/logs.py:96]
2018-11-06 15:50:54,459 DEBUG: host_id: 0 [in /actors/docker_utils.py:35]
2018-11-06 15:50:54,460 INFO: returning a logger set to level: DEBUG for module: worker [in /src/agaveflask/agaveflask/logs.py:96]
2018-11-06 15:50:54,474 INFO: returning a logger set to level: DEBUG for module: docker_utils [in /src/agaveflask/agaveflask/logs.py:96]
2018-11-06 15:50:54,475 DEBUG: host_id: 0 [in /actors/docker_utils.py:35]
2018-11-06 15:50:54,475 INFO: returning a logger set to level: DEBUG for module: worker [in /src/agaveflask/agaveflask/logs.py:96]
2018-11-06 15:50:54,476 INFO: returning a logger set to level: DEBUG for module: metrics_utils [in /src/agaveflask/agaveflask/logs.py:96]
2018-11-06 15:50:54,476 INFO: returning a logger set to level: DEBUG for module: controllers [in /src/agaveflask/agaveflask/logs.py:96]
2018-11-06 15:50:54,491 INFO: returning a logger set to level: DEBUG for module: metrics_utils [in /src/agaveflask/agaveflask/logs.py:96]
2018-11-06 15:50:54,491 INFO: returning a logger set to level: DEBUG for module: controllers [in /src/agaveflask/agaveflask/logs.py:96]
2018-11-06 15:50:54,494 INFO: returning a logger set to level: DEBUG for module: dashboard [in /src/agaveflask/agaveflask/logs.py:96]
2018-11-06 15:50:54,825 INFO: returning a logger set to level: DEBUG for module: auth [in /src/agaveflask/agaveflask/logs.py:96]
2018-11-06 15:50:54,841 INFO: returning a logger set to level: DEBUG for module: auth [in /src/agaveflask/agaveflask/logs.py:96]
2018-11-06 15:50:54,859 INFO: returning a logger set to level: DEBUG for module: codes [in /src/agaveflask/agaveflask/logs.py:96]
2018-11-06 15:50:54,859 DEBUG: using USER_ROLE: Internal/everyone [in /actors/codes.py:77]
2018-11-06 15:50:54,873 INFO: returning a logger set to level: DEBUG for module: codes [in /src/agaveflask/agaveflask/logs.py:96]
2018-11-06 15:50:54,873 DEBUG: using USER_ROLE: Internal/everyone [in /actors/codes.py:77]
2018-11-06 15:50:54,929 INFO: returning a logger set to level: DEBUG for module: channels [in /src/agaveflask/agaveflask/logs.py:96]
2018-11-06 15:50:54,930 INFO: returning a logger set to level: DEBUG for module: channels [in /src/agaveflask/agaveflask/logs.py:96]
2018-11-06 15:50:54,970 INFO: returning a logger set to level: DEBUG for module: store [in /src/agaveflask/agaveflask/logs.py:96]
2018-11-06 15:50:54,978 INFO: returning a logger set to level: DEBUG for module: models [in /src/agaveflask/agaveflask/logs.py:96]
2018-11-06 15:50:54,979 INFO: returning a logger set to level: DEBUG for module: store [in /src/agaveflask/agaveflask/logs.py:96]
2018-11-06 15:50:54,982 INFO: returning a logger set to level: DEBUG for module: mounts [in /src/agaveflask/agaveflask/logs.py:96]
2018-11-06 15:50:54,987 INFO: returning a logger set to level: DEBUG for module: models [in /src/agaveflask/agaveflask/logs.py:96]
2018-11-06 15:50:54,993 INFO: returning a logger set to level: DEBUG for module: mounts [in /src/agaveflask/agaveflask/logs.py:96]
2018-11-06 15:50:55,009 INFO: returning a logger set to level: DEBUG for module: docker_utils [in /src/agaveflask/agaveflask/logs.py:96]
2018-11-06 15:50:55,009 DEBUG: host_id: 0 [in /actors/docker_utils.py:35]
2018-11-06 15:50:55,009 INFO: returning a logger set to level: DEBUG for module: worker [in /src/agaveflask/agaveflask/logs.py:96]
2018-11-06 15:50:55,028 INFO: returning a logger set to level: DEBUG for module: docker_utils [in /src/agaveflask/agaveflask/logs.py:96]
2018-11-06 15:50:55,028 DEBUG: host_id: 0 [in /actors/docker_utils.py:35]
2018-11-06 15:50:55,029 INFO: returning a logger set to level: DEBUG for module: worker [in /src/agaveflask/agaveflask/logs.py:96]
2018-11-06 15:50:55,029 INFO: returning a logger set to level: DEBUG for module: metrics_utils [in /src/agaveflask/agaveflask/logs.py:96]
2018-11-06 15:50:55,030 INFO: returning a logger set to level: DEBUG for module: controllers [in /src/agaveflask/agaveflask/logs.py:96]
2018-11-06 15:50:55,031 INFO: returning a logger set to level: DEBUG for module: dashboard [in /src/agaveflask/agaveflask/logs.py:96]
2018-11-06 15:50:55,049 INFO: returning a logger set to level: DEBUG for module: metrics_utils [in /src/agaveflask/agaveflask/logs.py:96]
2018-11-06 15:50:55,049 INFO: returning a logger set to level: DEBUG for module: controllers [in /src/agaveflask/agaveflask/logs.py:96]
2018-11-06 15:50:57,010 INFO: spawner made connection to rabbit, entering main loop [in /actors/spawner.py:288]
2018-11-06 15:50:57,011 INFO: spawner using abaco_conf_host_path=/local-dev.conf [in /actors/spawner.py:289]
2018-11-06 15:50:57,011 DEBUG: top of overloaded [in /actors/spawner.py:72]
2018-11-06 15:50:57,011 DEBUG: top of get_tot_workers [in /actors/spawner.py:61]
2018-11-06 15:50:57,011 DEBUG: spawner host_id: 0 [in /actors/spawner.py:63]
2018-11-06 15:50:57,012 DEBUG: returning total workers: 0 [in /actors/spawner.py:68]
2018-11-06 15:50:57,012 INFO: total workers for this host: 0 [in /actors/spawner.py:74]
2018-11-06 15:50:57,014 INFO: client generator made connection to rabbit, entering main loop [in /actors/clients.py:233]
2018-11-06 16:15:17,018 INFO: returning a logger set to level: DEBUG for module: auth [in /src/agaveflask/agaveflask/logs.py:96]
2018-11-06 16:15:17,063 INFO: returning a logger set to level: DEBUG for module: codes [in /src/agaveflask/agaveflask/logs.py:96]
2018-11-06 16:15:17,063 DEBUG: using USER_ROLE: Internal/everyone [in /actors/codes.py:77]
2018-11-06 16:15:17,090 INFO: returning a logger set to level: DEBUG for module: auth [in /src/agaveflask/agaveflask/logs.py:96]
2018-11-06 16:15:17,121 INFO: returning a logger set to level: DEBUG for module: codes [in /src/agaveflask/agaveflask/logs.py:96]
2018-11-06 16:15:17,121 DEBUG: using USER_ROLE: Internal/everyone [in /actors/codes.py:77]
2018-11-06 16:15:17,178 INFO: returning a logger set to level: DEBUG for module: store [in /src/agaveflask/agaveflask/logs.py:96]
2018-11-06 16:15:17,212 INFO: returning a logger set to level: DEBUG for module: models [in /src/agaveflask/agaveflask/logs.py:96]
2018-11-06 16:15:17,214 INFO: returning a logger set to level: DEBUG for module: __main__ [in /src/agaveflask/agaveflask/logs.py:96]
2018-11-06 16:15:17,234 INFO: returning a logger set to level: DEBUG for module: store [in /src/agaveflask/agaveflask/logs.py:96]
2018-11-06 16:15:17,241 INFO: returning a logger set to level: DEBUG for module: models [in /src/agaveflask/agaveflask/logs.py:96]
2018-11-06 16:15:17,256 INFO: returning a logger set to level: DEBUG for module: mounts [in /src/agaveflask/agaveflask/logs.py:96]
2018-11-06 16:15:17,285 INFO: returning a logger set to level: DEBUG for module: docker_utils [in /src/agaveflask/agaveflask/logs.py:96]
2018-11-06 16:15:17,285 DEBUG: host_id: 0 [in /actors/docker_utils.py:35]
2018-11-06 16:15:17,285 INFO: returning a logger set to level: DEBUG for module: worker [in /src/agaveflask/agaveflask/logs.py:96]
2018-11-06 16:15:17,299 INFO: returning a logger set to level: DEBUG for module: metrics_utils [in /src/agaveflask/agaveflask/logs.py:96]
2018-11-06 16:15:17,300 INFO: returning a logger set to level: DEBUG for module: controllers [in /src/agaveflask/agaveflask/logs.py:96]
2018-11-06 16:15:17,302 INFO: returning a logger set to level: DEBUG for module: dashboard [in /src/agaveflask/agaveflask/logs.py:96]
2018-11-06 16:15:17,383 INFO: returning a logger set to level: DEBUG for module: auth [in /src/agaveflask/agaveflask/logs.py:96]
2018-11-06 16:15:17,403 INFO: returning a logger set to level: DEBUG for module: codes [in /src/agaveflask/agaveflask/logs.py:96]
2018-11-06 16:15:17,403 DEBUG: using USER_ROLE: Internal/everyone [in /actors/codes.py:77]
2018-11-06 16:15:17,422 INFO: returning a logger set to level: DEBUG for module: codes [in /src/agaveflask/agaveflask/logs.py:96]
2018-11-06 16:15:17,422 DEBUG: using USER_ROLE: Internal/everyone [in /actors/codes.py:77]
2018-11-06 16:15:17,520 INFO: returning a logger set to level: DEBUG for module: docker_utils [in /src/agaveflask/agaveflask/logs.py:96]
2018-11-06 16:15:17,550 INFO: returning a logger set to level: DEBUG for module: store [in /src/agaveflask/agaveflask/logs.py:96]
2018-11-06 16:15:17,561 INFO: returning a logger set to level: DEBUG for module: models [in /src/agaveflask/agaveflask/logs.py:96]
2018-11-06 16:15:17,564 INFO: returning a logger set to level: DEBUG for module: mounts [in /src/agaveflask/agaveflask/logs.py:96]
2018-11-06 16:15:17,598 INFO: returning a logger set to level: DEBUG for module: docker_utils [in /src/agaveflask/agaveflask/logs.py:96]
2018-11-06 16:15:17,598 DEBUG: host_id: 0 [in /actors/docker_utils.py:35]
2018-11-06 16:15:17,599 INFO: returning a logger set to level: DEBUG for module: worker [in /src/agaveflask/agaveflask/logs.py:96]
2018-11-06 16:15:17,618 INFO: returning a logger set to level: DEBUG for module: metrics_utils [in /src/agaveflask/agaveflask/logs.py:96]
2018-11-06 16:15:17,618 INFO: returning a logger set to level: DEBUG for module: controllers [in /src/agaveflask/agaveflask/logs.py:96]
2018-11-06 16:15:17,623 INFO: returning a logger set to level: DEBUG for module: auth [in /src/agaveflask/agaveflask/logs.py:96]
2018-11-06 16:15:17,650 INFO: returning a logger set to level: DEBUG for module: store [in /src/agaveflask/agaveflask/logs.py:96]
2018-11-06 16:15:17,656 INFO: returning a logger set to level: DEBUG for module: codes [in /src/agaveflask/agaveflask/logs.py:96]
2018-11-06 16:15:17,656 INFO: returning a logger set to level: DEBUG for module: models [in /src/agaveflask/agaveflask/logs.py:96]
2018-11-06 16:15:17,656 DEBUG: using USER_ROLE: Internal/everyone [in /actors/codes.py:77]
2018-11-06 16:15:17,658 DEBUG: host_id: 0 [in /actors/docker_utils.py:35]
2018-11-06 16:15:17,658 INFO: returning a logger set to level: DEBUG for module: __main__ [in /src/agaveflask/agaveflask/logs.py:96]
2018-11-06 16:15:17,659 INFO: Spawner running with MAX_WORKERS = 30 [in /actors/spawner.py:24]
2018-11-06 16:15:17,704 INFO: returning a logger set to level: DEBUG for module: auth [in /src/agaveflask/agaveflask/logs.py:96]
2018-11-06 16:15:17,730 INFO: returning a logger set to level: DEBUG for module: codes [in /src/agaveflask/agaveflask/logs.py:96]
2018-11-06 16:15:17,731 DEBUG: using USER_ROLE: Internal/everyone [in /actors/codes.py:77]
2018-11-06 16:15:17,768 INFO: returning a logger set to level: DEBUG for module: store [in /src/agaveflask/agaveflask/logs.py:96]
2018-11-06 16:15:17,777 INFO: returning a logger set to level: DEBUG for module: models [in /src/agaveflask/agaveflask/logs.py:96]
2018-11-06 16:15:17,779 INFO: returning a logger set to level: DEBUG for module: mounts [in /src/agaveflask/agaveflask/logs.py:96]
2018-11-06 16:15:17,798 INFO: returning a logger set to level: DEBUG for module: docker_utils [in /src/agaveflask/agaveflask/logs.py:96]
2018-11-06 16:15:17,798 DEBUG: host_id: 0 [in /actors/docker_utils.py:35]
2018-11-06 16:15:17,799 INFO: returning a logger set to level: DEBUG for module: worker [in /src/agaveflask/agaveflask/logs.py:96]
2018-11-06 16:15:17,811 INFO: returning a logger set to level: DEBUG for module: metrics_utils [in /src/agaveflask/agaveflask/logs.py:96]
2018-11-06 16:15:17,811 INFO: returning a logger set to level: DEBUG for module: controllers [in /src/agaveflask/agaveflask/logs.py:96]
2018-11-06 16:15:17,812 INFO: returning a logger set to level: DEBUG for module: dashboard [in /src/agaveflask/agaveflask/logs.py:96]
2018-11-06 16:15:17,829 INFO: returning a logger set to level: DEBUG for module: store [in /src/agaveflask/agaveflask/logs.py:96]
2018-11-06 16:15:17,836 INFO: returning a logger set to level: DEBUG for module: models [in /src/agaveflask/agaveflask/logs.py:96]
2018-11-06 16:15:17,849 INFO: returning a logger set to level: DEBUG for module: mounts [in /src/agaveflask/agaveflask/logs.py:96]
2018-11-06 16:15:17,877 INFO: returning a logger set to level: DEBUG for module: docker_utils [in /src/agaveflask/agaveflask/logs.py:96]
2018-11-06 16:15:17,877 DEBUG: host_id: 0 [in /actors/docker_utils.py:35]
2018-11-06 16:15:17,878 INFO: returning a logger set to level: DEBUG for module: worker [in /src/agaveflask/agaveflask/logs.py:96]
2018-11-06 16:15:17,891 INFO: returning a logger set to level: DEBUG for module: metrics_utils [in /src/agaveflask/agaveflask/logs.py:96]
2018-11-06 16:15:17,891 INFO: returning a logger set to level: DEBUG for module: controllers [in /src/agaveflask/agaveflask/logs.py:96]
2018-11-06 16:15:17,950 INFO: returning a logger set to level: DEBUG for module: auth [in /src/agaveflask/agaveflask/logs.py:96]
2018-11-06 16:15:17,976 INFO: returning a logger set to level: DEBUG for module: codes [in /src/agaveflask/agaveflask/logs.py:96]
2018-11-06 16:15:17,976 DEBUG: using USER_ROLE: Internal/everyone [in /actors/codes.py:77]
2018-11-06 16:15:18,044 INFO: returning a logger set to level: DEBUG for module: store [in /src/agaveflask/agaveflask/logs.py:96]
2018-11-06 16:15:18,053 INFO: returning a logger set to level: DEBUG for module: models [in /src/agaveflask/agaveflask/logs.py:96]
2018-11-06 16:15:18,055 INFO: returning a logger set to level: DEBUG for module: mounts [in /src/agaveflask/agaveflask/logs.py:96]
2018-11-06 16:15:18,075 INFO: returning a logger set to level: DEBUG for module: docker_utils [in /src/agaveflask/agaveflask/logs.py:96]
2018-11-06 16:15:18,075 DEBUG: host_id: 0 [in /actors/docker_utils.py:35]
2018-11-06 16:15:18,076 INFO: returning a logger set to level: DEBUG for module: worker [in /src/agaveflask/agaveflask/logs.py:96]
2018-11-06 16:15:18,088 INFO: returning a logger set to level: DEBUG for module: metrics_utils [in /src/agaveflask/agaveflask/logs.py:96]
2018-11-06 16:15:18,088 INFO: returning a logger set to level: DEBUG for module: controllers [in /src/agaveflask/agaveflask/logs.py:96]
2018-11-06 16:15:18,151 INFO: returning a logger set to level: DEBUG for module: auth [in /src/agaveflask/agaveflask/logs.py:96]
2018-11-06 16:15:18,177 INFO: returning a logger set to level: DEBUG for module: codes [in /src/agaveflask/agaveflask/logs.py:96]
2018-11-06 16:15:18,178 DEBUG: using USER_ROLE: Internal/everyone [in /actors/codes.py:77]
2018-11-06 16:15:18,258 INFO: returning a logger set to level: DEBUG for module: store [in /src/agaveflask/agaveflask/logs.py:96]
2018-11-06 16:15:18,264 INFO: returning a logger set to level: DEBUG for module: models [in /src/agaveflask/agaveflask/logs.py:96]
2018-11-06 16:15:18,268 INFO: returning a logger set to level: DEBUG for module: mounts [in /src/agaveflask/agaveflask/logs.py:96]
2018-11-06 16:15:18,288 INFO: returning a logger set to level: DEBUG for module: docker_utils [in /src/agaveflask/agaveflask/logs.py:96]
2018-11-06 16:15:18,288 DEBUG: host_id: 0 [in /actors/docker_utils.py:35]
2018-11-06 16:15:18,289 INFO: returning a logger set to level: DEBUG for module: worker [in /src/agaveflask/agaveflask/logs.py:96]
2018-11-06 16:15:18,300 INFO: returning a logger set to level: DEBUG for module: metrics_utils [in /src/agaveflask/agaveflask/logs.py:96]
2018-11-06 16:15:18,300 INFO: returning a logger set to level: DEBUG for module: controllers [in /src/agaveflask/agaveflask/logs.py:96]
2018-11-06 16:15:20,566 INFO: spawner made connection to rabbit, entering main loop [in /actors/spawner.py:289]
2018-11-06 16:15:20,567 INFO: spawner using abaco_conf_host_path=/home/jlooney/PycharmProjects/abaco/local-dev.conf [in /actors/spawner.py:290]
2018-11-06 16:15:20,567 DEBUG: top of overloaded [in /actors/spawner.py:71]
2018-11-06 16:15:20,567 DEBUG: top of get_tot_workers [in /actors/spawner.py:60]
2018-11-06 16:15:20,567 DEBUG: spawner host_id: 0 [in /actors/spawner.py:62]
2018-11-06 16:15:20,568 DEBUG: returning total workers: 0 [in /actors/spawner.py:67]
2018-11-06 16:15:20,568 INFO: total workers for this host: 0 [in /actors/spawner.py:73]
2018-11-06 16:15:20,574 INFO: client generator made connection to rabbit, entering main loop [in /actors/clients.py:233]
2018-11-06 16:17:17,399 INFO: returning a logger set to level: DEBUG for module: codes [in /src/agaveflask/agaveflask/logs.py:96]
2018-11-06 16:17:17,399 DEBUG: using USER_ROLE: Internal/everyone [in /actors/codes.py:77]
2018-11-06 16:17:17,523 INFO: returning a logger set to level: DEBUG for module: docker_utils [in /src/agaveflask/agaveflask/logs.py:96]
2018-11-06 16:17:17,667 INFO: returning a logger set to level: DEBUG for module: store [in /src/agaveflask/agaveflask/logs.py:96]
2018-11-06 16:17:17,675 INFO: returning a logger set to level: DEBUG for module: models [in /src/agaveflask/agaveflask/logs.py:96]
2018-11-06 16:17:17,677 DEBUG: host_id: 0 [in /actors/docker_utils.py:35]
2018-11-06 16:17:17,703 INFO: returning a logger set to level: DEBUG for module: auth [in /src/agaveflask/agaveflask/logs.py:96]
2018-11-06 16:17:17,728 INFO: returning a logger set to level: DEBUG for module: worker [in /src/agaveflask/agaveflask/logs.py:96]
2018-11-06 16:17:17,728 INFO: returning a logger set to level: DEBUG for module: __main__ [in /src/agaveflask/agaveflask/logs.py:96]
2018-11-06 16:17:17,729 INFO: Running abaco health checks. Now: 1541521037.7290547 [in /actors/health.py:270]
2018-11-06 16:17:17,729 DEBUG: top of clean_up_socket_dirs [in /actors/health.py:57]
2018-11-06 16:17:17,729 DEBUG: processing socket_dir: /host/_abaco_results_sockets [in /actors/health.py:59]
2018-11-06 16:17:17,730 DEBUG: Determined that ObJKQWZqm3X6w was not a worker; deleting directory: /host/_abaco_results_sockets/ObJKQWZqm3X6w. [in /actors/health.py:65]
2018-11-06 16:17:17,731 DEBUG: Determined that 6RBzQVDRoJzWR was not a worker; deleting directory: /host/_abaco_results_sockets/6RBzQVDRoJzWR. [in /actors/health.py:65]
2018-11-06 16:17:17,731 DEBUG: top of clean_up_fifo_dirs [in /actors/health.py:69]
2018-11-06 16:17:17,731 DEBUG: processing fifo_dir: /host/_abaco_fifos [in /actors/health.py:71]
2018-11-06 16:17:17,732 DEBUG: Determined that ObJKQWZqm3X6w was not a worker; deleting directory: /host/_abaco_fifos/ObJKQWZqm3X6w. [in /actors/health.py:77]
2018-11-06 16:17:17,733 DEBUG: Determined that 6RBzQVDRoJzWR was not a worker; deleting directory: /host/_abaco_fifos/6RBzQVDRoJzWR. [in /actors/health.py:77]
2018-11-06 16:17:17,733 DEBUG: top of container_running(). [in /actors/docker_utils.py:99]
2018-11-06 16:17:17,741 DEBUG: found containers: [{'Image': 'abaco/core:dev', 'Labels': {'com.docker.compose.version': '1.19.0', 'com.docker.compose.config-hash': 'b43aa2117101abe62dd03a4312724b40ae7c05d266fd4be05da51c8d134b653a', 'com.docker.compose.project': 'abaco', 'com.docker.compose.service': 'spawner', 'com.docker.compose.oneoff': 'False', 'com.docker.compose.container-number': '1'}, 'Mounts': [{'RW': True, 'Type': 'bind', 'Destination': '/etc/service.conf', 'Source': '/home/jlooney/PycharmProjects/abaco/local-dev.conf', 'Propagation': 'rprivate', 'Mode': 'rw'}, {'RW': True, 'Type': 'bind', 'Destination': '/var/log/service.log', 'Source': '/home/jlooney/PycharmProjects/abaco/abaco.log', 'Propagation': 'rprivate', 'Mode': 'rw'}, {'RW': True, 'Type': 'bind', 'Destination': '/var/run/docker.sock', 'Source': '/var/run/docker.sock', 'Propagation': 'rprivate', 'Mode': 'rw'}], 'State': 'running', 'Status': 'Up 2 minutes', 'Id': '0ba32d78c4e96d80382bb98625540579effcc3f6525de6fcfa2bd88c0dfb1265', 'Command': 'python3 -u /actors/spawner.py', 'NetworkSettings': {'Networks': {'bridge': {'IPAMConfig': None, 'MacAddress': '02:42:ac:11:00:07', 'EndpointID': '1391a5bd5c95a125925fc193fc34fd785d525c88aec4b3120bac010a2b6e034f', 'IPAddress': '172.17.0.7', 'Gateway': '172.17.0.1', 'IPv6Gateway': '', 'GlobalIPv6PrefixLen': 0, 'DriverOpts': None, 'NetworkID': 'c194bbf248fe888d9b6ed15134505631c5b802b3c62754f0d8eddfe12d3ab85a', 'IPPrefixLen': 16, 'Links': None, 'GlobalIPv6Address': '', 'Aliases': None}}}, 'Ports': [{'PrivatePort': 5000, 'Type': 'tcp'}], 'HostConfig': {'NetworkMode': 'default'}, 'Created': 1541520915, 'Names': ['/abaco_spawner_1'], 'ImageID': 'sha256:d7087212c4090283e947cd8fd9589e7d42cdc65035515fa229f577639e79550b'}] [in /actors/docker_utils.py:112]
2018-11-06 16:17:17,742 INFO: Found 0 actor(s). Now checking status. [in /actors/health.py:302]
2018-11-06 16:27:18,407 INFO: returning a logger set to level: DEBUG for module: codes [in /src/agaveflask/agaveflask/logs.py:96]
2018-11-06 16:27:18,407 DEBUG: using USER_ROLE: Internal/everyone [in /actors/codes.py:77]
2018-11-06 16:27:18,496 INFO: returning a logger set to level: DEBUG for module: docker_utils [in /src/agaveflask/agaveflask/logs.py:96]
2018-11-06 16:27:18,592 INFO: returning a logger set to level: DEBUG for module: store [in /src/agaveflask/agaveflask/logs.py:96]
2018-11-06 16:27:18,599 INFO: returning a logger set to level: DEBUG for module: models [in /src/agaveflask/agaveflask/logs.py:96]
2018-11-06 16:27:18,600 DEBUG: host_id: 0 [in /actors/docker_utils.py:35]
2018-11-06 16:27:18,613 INFO: returning a logger set to level: DEBUG for module: auth [in /src/agaveflask/agaveflask/logs.py:96]
2018-11-06 16:27:18,630 INFO: returning a logger set to level: DEBUG for module: worker [in /src/agaveflask/agaveflask/logs.py:96]
2018-11-06 16:27:18,631 INFO: returning a logger set to level: DEBUG for module: __main__ [in /src/agaveflask/agaveflask/logs.py:96]
2018-11-06 16:27:18,631 INFO: Running abaco health checks. Now: 1541521638.6311965 [in /actors/health.py:270]
2018-11-06 16:27:18,631 DEBUG: top of clean_up_socket_dirs [in /actors/health.py:57]
2018-11-06 16:27:18,631 DEBUG: processing socket_dir: /host/_abaco_results_sockets [in /actors/health.py:59]
2018-11-06 16:27:18,631 DEBUG: top of clean_up_fifo_dirs [in /actors/health.py:69]
2018-11-06 16:27:18,631 DEBUG: processing fifo_dir: /host/_abaco_fifos [in /actors/health.py:71]
2018-11-06 16:27:18,631 DEBUG: top of container_running(). [in /actors/docker_utils.py:99]
2018-11-06 16:27:18,637 DEBUG: found containers: [{'Labels': {'com.docker.compose.version': '1.19.0', 'com.docker.compose.config-hash': 'b43aa2117101abe62dd03a4312724b40ae7c05d266fd4be05da51c8d134b653a', 'com.docker.compose.service': 'spawner', 'com.docker.compose.container-number': '1', 'com.docker.compose.project': 'abaco', 'com.docker.compose.oneoff': 'False'}, 'Ports': [{'Type': 'tcp', 'PrivatePort': 5000}], 'Status': 'Up 12 minutes', 'Mounts': [{'Destination': '/var/run/docker.sock', 'Type': 'bind', 'Propagation': 'rprivate', 'RW': True, 'Source': '/var/run/docker.sock', 'Mode': 'rw'}, {'Destination': '/etc/service.conf', 'Type': 'bind', 'Propagation': 'rprivate', 'RW': True, 'Source': '/home/jlooney/PycharmProjects/abaco/local-dev.conf', 'Mode': 'rw'}, {'Destination': '/var/log/service.log', 'Type': 'bind', 'Propagation': 'rprivate', 'RW': True, 'Source': '/home/jlooney/PycharmProjects/abaco/abaco.log', 'Mode': 'rw'}], 'Command': 'python3 -u /actors/spawner.py', 'State': 'running', 'Image': 'abaco/core:dev', 'Id': '0ba32d78c4e96d80382bb98625540579effcc3f6525de6fcfa2bd88c0dfb1265', 'Created': 1541520915, 'Names': ['/abaco_spawner_1'], 'NetworkSettings': {'Networks': {'bridge': {'IPv6Gateway': '', 'NetworkID': 'c194bbf248fe888d9b6ed15134505631c5b802b3c62754f0d8eddfe12d3ab85a', 'Links': None, 'Aliases': None, 'MacAddress': '02:42:ac:11:00:07', 'EndpointID': '1391a5bd5c95a125925fc193fc34fd785d525c88aec4b3120bac010a2b6e034f', 'IPAMConfig': None, 'DriverOpts': None, 'IPPrefixLen': 16, 'Gateway': '172.17.0.1', 'IPAddress': '172.17.0.7', 'GlobalIPv6PrefixLen': 0, 'GlobalIPv6Address': ''}}}, 'ImageID': 'sha256:d7087212c4090283e947cd8fd9589e7d42cdc65035515fa229f577639e79550b', 'HostConfig': {'NetworkMode': 'default'}}] [in /actors/docker_utils.py:112]
2018-11-06 16:27:18,638 INFO: Found 0 actor(s). Now checking status. [in /actors/health.py:302]
2018-11-06 16:40:20,041 INFO: returning a logger set to level: DEBUG for module: aga [in /src/agaveflask/agaveflask/logs.py:96]
2018-11-06 16:40:20,047 INFO: returning a logger set to level: DEBUG for module: auth [in /src/agaveflask/agaveflask/logs.py:96]
2018-11-06 16:40:20,095 INFO: returning a logger set to level: DEBUG for module: codes [in /src/agaveflask/agaveflask/logs.py:96]
2018-11-06 16:40:20,096 DEBUG: using USER_ROLE: Internal/everyone [in /actors/codes.py:77]
2018-11-06 16:40:20,169 INFO: returning a logger set to level: DEBUG for module: codes [in /src/agaveflask/agaveflask/logs.py:96]
2018-11-06 16:40:20,169 DEBUG: using USER_ROLE: Internal/everyone [in /actors/codes.py:77]
2018-11-06 16:40:20,188 INFO: returning a logger set to level: DEBUG for module: store [in /src/agaveflask/agaveflask/logs.py:96]
2018-11-06 16:40:20,294 INFO: returning a logger set to level: DEBUG for module: docker_utils [in /src/agaveflask/agaveflask/logs.py:96]
2018-11-06 16:40:20,458 INFO: returning a logger set to level: DEBUG for module: store [in /src/agaveflask/agaveflask/logs.py:96]
2018-11-06 16:40:20,490 INFO: returning a logger set to level: DEBUG for module: models [in /src/agaveflask/agaveflask/logs.py:96]
2018-11-06 16:40:20,491 DEBUG: host_id: 0 [in /actors/docker_utils.py:35]
2018-11-06 16:40:20,491 INFO: returning a logger set to level: DEBUG for module: __main__ [in /src/agaveflask/agaveflask/logs.py:96]
2018-11-06 16:40:20,491 INFO: Spawner running with MAX_WORKERS = 30 [in /actors/spawner.py:24]
2018-11-06 16:40:20,616 INFO: returning a logger set to level: DEBUG for module: auth [in /src/agaveflask/agaveflask/logs.py:96]
2018-11-06 16:40:20,656 INFO: returning a logger set to level: DEBUG for module: codes [in /src/agaveflask/agaveflask/logs.py:96]
2018-11-06 16:40:20,656 DEBUG: using USER_ROLE: Internal/everyone [in /actors/codes.py:77]
2018-11-06 16:40:20,700 INFO: returning a logger set to level: DEBUG for module: models [in /src/agaveflask/agaveflask/logs.py:96]
2018-11-06 16:40:20,703 INFO: returning a logger set to level: DEBUG for module: __main__ [in /src/agaveflask/agaveflask/logs.py:96]
2018-11-06 16:40:20,787 INFO: returning a logger set to level: DEBUG for module: store [in /src/agaveflask/agaveflask/logs.py:96]
2018-11-06 16:40:20,796 INFO: returning a logger set to level: DEBUG for module: models [in /src/agaveflask/agaveflask/logs.py:96]
2018-11-06 16:40:20,800 INFO: returning a logger set to level: DEBUG for module: mounts [in /src/agaveflask/agaveflask/logs.py:96]
2018-11-06 16:40:20,809 INFO: returning a logger set to level: DEBUG for module: aga [in /src/agaveflask/agaveflask/logs.py:96]
2018-11-06 16:40:20,824 INFO: returning a logger set to level: DEBUG for module: auth [in /src/agaveflask/agaveflask/logs.py:96]
2018-11-06 16:40:20,861 INFO: returning a logger set to level: DEBUG for module: docker_utils [in /src/agaveflask/agaveflask/logs.py:96]
2018-11-06 16:40:20,861 DEBUG: host_id: 0 [in /actors/docker_utils.py:35]
2018-11-06 16:40:20,861 INFO: returning a logger set to level: DEBUG for module: worker [in /src/agaveflask/agaveflask/logs.py:96]
2018-11-06 16:40:20,870 INFO: returning a logger set to level: DEBUG for module: codes [in /src/agaveflask/agaveflask/logs.py:96]
2018-11-06 16:40:20,870 DEBUG: using USER_ROLE: Internal/everyone [in /actors/codes.py:77]
2018-11-06 16:40:20,884 INFO: returning a logger set to level: DEBUG for module: metrics_utils [in /src/agaveflask/agaveflask/logs.py:96]
2018-11-06 16:40:20,885 INFO: returning a logger set to level: DEBUG for module: controllers [in /src/agaveflask/agaveflask/logs.py:96]
2018-11-06 16:40:20,932 INFO: returning a logger set to level: DEBUG for module: auth [in /src/agaveflask/agaveflask/logs.py:96]
2018-11-06 16:40:20,987 INFO: returning a logger set to level: DEBUG for module: codes [in /src/agaveflask/agaveflask/logs.py:96]
2018-11-06 16:40:20,987 DEBUG: using USER_ROLE: Internal/everyone [in /actors/codes.py:77]
2018-11-06 16:40:20,996 INFO: returning a logger set to level: DEBUG for module: store [in /src/agaveflask/agaveflask/logs.py:96]
2018-11-06 16:40:21,007 INFO: returning a logger set to level: DEBUG for module: models [in /src/agaveflask/agaveflask/logs.py:96]
2018-11-06 16:40:21,029 INFO: returning a logger set to level: DEBUG for module: mounts [in /src/agaveflask/agaveflask/logs.py:96]
2018-11-06 16:40:21,037 INFO: returning a logger set to level: DEBUG for module: aga [in /src/agaveflask/agaveflask/logs.py:96]
2018-11-06 16:40:21,091 INFO: returning a logger set to level: DEBUG for module: docker_utils [in /src/agaveflask/agaveflask/logs.py:96]
2018-11-06 16:40:21,092 DEBUG: host_id: 0 [in /actors/docker_utils.py:35]
2018-11-06 16:40:21,092 INFO: returning a logger set to level: DEBUG for module: worker [in /src/agaveflask/agaveflask/logs.py:96]
2018-11-06 16:40:21,110 INFO: returning a logger set to level: DEBUG for module: store [in /src/agaveflask/agaveflask/logs.py:96]
2018-11-06 16:40:21,119 INFO: returning a logger set to level: DEBUG for module: models [in /src/agaveflask/agaveflask/logs.py:96]
2018-11-06 16:40:21,120 INFO: returning a logger set to level: DEBUG for module: metrics_utils [in /src/agaveflask/agaveflask/logs.py:96]
2018-11-06 16:40:21,121 INFO: returning a logger set to level: DEBUG for module: controllers [in /src/agaveflask/agaveflask/logs.py:96]
2018-11-06 16:40:21,140 INFO: returning a logger set to level: DEBUG for module: mounts [in /src/agaveflask/agaveflask/logs.py:96]
2018-11-06 16:40:21,148 INFO: returning a logger set to level: DEBUG for module: aga [in /src/agaveflask/agaveflask/logs.py:96]
2018-11-06 16:40:21,202 INFO: returning a logger set to level: DEBUG for module: docker_utils [in /src/agaveflask/agaveflask/logs.py:96]
2018-11-06 16:40:21,202 DEBUG: host_id: 0 [in /actors/docker_utils.py:35]
2018-11-06 16:40:21,203 INFO: returning a logger set to level: DEBUG for module: worker [in /src/agaveflask/agaveflask/logs.py:96]
2018-11-06 16:40:21,231 INFO: returning a logger set to level: DEBUG for module: metrics_utils [in /src/agaveflask/agaveflask/logs.py:96]
2018-11-06 16:40:21,232 INFO: returning a logger set to level: DEBUG for module: controllers [in /src/agaveflask/agaveflask/logs.py:96]
2018-11-06 16:40:21,234 INFO: returning a logger set to level: DEBUG for module: dashboard [in /src/agaveflask/agaveflask/logs.py:96]
2018-11-06 16:40:21,298 INFO: returning a logger set to level: DEBUG for module: auth [in /src/agaveflask/agaveflask/logs.py:96]
2018-11-06 16:40:21,352 INFO: returning a logger set to level: DEBUG for module: codes [in /src/agaveflask/agaveflask/logs.py:96]
2018-11-06 16:40:21,352 DEBUG: using USER_ROLE: Internal/everyone [in /actors/codes.py:77]
2018-11-06 16:40:21,482 INFO: returning a logger set to level: DEBUG for module: store [in /src/agaveflask/agaveflask/logs.py:96]
2018-11-06 16:40:21,490 INFO: returning a logger set to level: DEBUG for module: models [in /src/agaveflask/agaveflask/logs.py:96]
2018-11-06 16:40:21,493 INFO: returning a logger set to level: DEBUG for module: mounts [in /src/agaveflask/agaveflask/logs.py:96]
2018-11-06 16:40:21,494 INFO: returning a logger set to level: DEBUG for module: aga [in /src/agaveflask/agaveflask/logs.py:96]
2018-11-06 16:40:21,547 INFO: returning a logger set to level: DEBUG for module: docker_utils [in /src/agaveflask/agaveflask/logs.py:96]
2018-11-06 16:40:21,547 DEBUG: host_id: 0 [in /actors/docker_utils.py:35]
2018-11-06 16:40:21,548 INFO: returning a logger set to level: DEBUG for module: worker [in /src/agaveflask/agaveflask/logs.py:96]
2018-11-06 16:40:21,548 INFO: returning a logger set to level: DEBUG for module: auth [in /src/agaveflask/agaveflask/logs.py:96]
2018-11-06 16:40:21,575 INFO: returning a logger set to level: DEBUG for module: metrics_utils [in /src/agaveflask/agaveflask/logs.py:96]
2018-11-06 16:40:21,576 INFO: returning a logger set to level: DEBUG for module: controllers [in /src/agaveflask/agaveflask/logs.py:96]
2018-11-06 16:40:21,586 INFO: returning a logger set to level: DEBUG for module: codes [in /src/agaveflask/agaveflask/logs.py:96]
2018-11-06 16:40:21,586 DEBUG: using USER_ROLE: Internal/everyone [in /actors/codes.py:77]
2018-11-06 16:40:21,599 INFO: returning a logger set to level: DEBUG for module: auth [in /src/agaveflask/agaveflask/logs.py:96]
2018-11-06 16:40:21,642 INFO: returning a logger set to level: DEBUG for module: codes [in /src/agaveflask/agaveflask/logs.py:96]
2018-11-06 16:40:21,642 DEBUG: using USER_ROLE: Internal/everyone [in /actors/codes.py:77]
2018-11-06 16:40:21,703 INFO: returning a logger set to level: DEBUG for module: store [in /src/agaveflask/agaveflask/logs.py:96]
2018-11-06 16:40:21,711 INFO: returning a logger set to level: DEBUG for module: models [in /src/agaveflask/agaveflask/logs.py:96]
2018-11-06 16:40:21,714 INFO: returning a logger set to level: DEBUG for module: mounts [in /src/agaveflask/agaveflask/logs.py:96]
2018-11-06 16:40:21,715 INFO: returning a logger set to level: DEBUG for module: aga [in /src/agaveflask/agaveflask/logs.py:96]
2018-11-06 16:40:21,743 INFO: returning a logger set to level: DEBUG for module: store [in /src/agaveflask/agaveflask/logs.py:96]
2018-11-06 16:40:21,752 INFO: returning a logger set to level: DEBUG for module: models [in /src/agaveflask/agaveflask/logs.py:96]
2018-11-06 16:40:21,755 INFO: returning a logger set to level: DEBUG for module: mounts [in /src/agaveflask/agaveflask/logs.py:96]
2018-11-06 16:40:21,755 INFO: returning a logger set to level: DEBUG for module: docker_utils [in /src/agaveflask/agaveflask/logs.py:96]
2018-11-06 16:40:21,756 DEBUG: host_id: 0 [in /actors/docker_utils.py:35]
2018-11-06 16:40:21,756 INFO: returning a logger set to level: DEBUG for module: worker [in /src/agaveflask/agaveflask/logs.py:96]
2018-11-06 16:40:21,756 INFO: returning a logger set to level: DEBUG for module: aga [in /src/agaveflask/agaveflask/logs.py:96]
2018-11-06 16:40:21,778 INFO: returning a logger set to level: DEBUG for module: metrics_utils [in /src/agaveflask/agaveflask/logs.py:96]
2018-11-06 16:40:21,778 INFO: returning a logger set to level: DEBUG for module: controllers [in /src/agaveflask/agaveflask/logs.py:96]
2018-11-06 16:40:21,799 INFO: returning a logger set to level: DEBUG for module: docker_utils [in /src/agaveflask/agaveflask/logs.py:96]
2018-11-06 16:40:21,799 DEBUG: host_id: 0 [in /actors/docker_utils.py:35]
2018-11-06 16:40:21,799 INFO: returning a logger set to level: DEBUG for module: worker [in /src/agaveflask/agaveflask/logs.py:96]
2018-11-06 16:40:21,821 INFO: returning a logger set to level: DEBUG for module: metrics_utils [in /src/agaveflask/agaveflask/logs.py:96]
2018-11-06 16:40:21,822 INFO: returning a logger set to level: DEBUG for module: controllers [in /src/agaveflask/agaveflask/logs.py:96]
2018-11-06 16:40:21,824 INFO: returning a logger set to level: DEBUG for module: dashboard [in /src/agaveflask/agaveflask/logs.py:96]
2018-11-06 16:40:23,877 INFO: client generator made connection to rabbit, entering main loop [in /actors/clients.py:235]
2018-11-06 16:40:23,881 INFO: spawner made connection to rabbit, entering main loop [in /actors/spawner.py:310]
2018-11-06 16:40:23,881 INFO: spawner using abaco_conf_host_path=/home/jlooney/PycharmProjects/abaco/local-dev.conf [in /actors/spawner.py:311]
2018-11-06 16:40:23,882 DEBUG: top of overloaded [in /actors/spawner.py:74]
2018-11-06 16:40:23,882 DEBUG: top of get_tot_workers [in /actors/spawner.py:63]
2018-11-06 16:40:23,882 DEBUG: spawner host_id: 0 [in /actors/spawner.py:65]
2018-11-06 16:40:23,883 DEBUG: returning total workers: 0 [in /actors/spawner.py:70]
2018-11-06 16:40:23,883 INFO: total workers for this host: 0 [in /actors/spawner.py:76]
2018-11-06 16:42:20,705 INFO: returning a logger set to level: DEBUG for module: codes [in /src/agaveflask/agaveflask/logs.py:96]
2018-11-06 16:42:20,705 DEBUG: using USER_ROLE: Internal/everyone [in /actors/codes.py:77]
2018-11-06 16:42:20,839 INFO: returning a logger set to level: DEBUG for module: docker_utils [in /src/agaveflask/agaveflask/logs.py:96]
2018-11-06 16:42:21,011 INFO: returning a logger set to level: DEBUG for module: store [in /src/agaveflask/agaveflask/logs.py:96]
2018-11-06 16:42:21,019 INFO: returning a logger set to level: DEBUG for module: models [in /src/agaveflask/agaveflask/logs.py:96]
2018-11-06 16:42:21,019 DEBUG: host_id: 0 [in /actors/docker_utils.py:35]
2018-11-06 16:42:21,026 INFO: returning a logger set to level: DEBUG for module: aga [in /src/agaveflask/agaveflask/logs.py:96]
2018-11-06 16:42:21,047 INFO: returning a logger set to level: DEBUG for module: auth [in /src/agaveflask/agaveflask/logs.py:96]
2018-11-06 16:42:21,087 INFO: returning a logger set to level: DEBUG for module: worker [in /src/agaveflask/agaveflask/logs.py:96]
2018-11-06 16:42:21,088 INFO: returning a logger set to level: DEBUG for module: __main__ [in /src/agaveflask/agaveflask/logs.py:96]
2018-11-06 16:42:21,088 INFO: Running abaco health checks. Now: 1541522541.088507 [in /actors/health.py:272]
2018-11-06 16:42:21,088 DEBUG: top of clean_up_socket_dirs [in /actors/health.py:57]
2018-11-06 16:42:21,088 DEBUG: processing socket_dir: /host/_abaco_results_sockets [in /actors/health.py:59]
2018-11-06 16:42:21,088 DEBUG: top of clean_up_fifo_dirs [in /actors/health.py:69]
2018-11-06 16:42:21,089 DEBUG: processing fifo_dir: /host/_abaco_fifos [in /actors/health.py:71]
2018-11-06 16:42:21,089 DEBUG: top of container_running(). [in /actors/docker_utils.py:101]
2018-11-06 16:42:21,096 DEBUG: found containers: [{'Id': 'b12e17e09b706b680b414b14e5fbaa39408b3577930bf2bf8e73f9fadbc7bfdf', 'Names': ['/abaco_spawner_1'], 'Image': 'abaco/core:dev', 'ImageID': 'sha256:52a31590b8afd6160567b182d672196a8b4345859960014f627d2e7f3a572635', 'Command': 'python3 -u /actors/spawner.py', 'Created': 1541522419, 'Ports': [{'PrivatePort': 5000, 'Type': 'tcp'}], 'Labels': {'com.docker.compose.config-hash': 'b65106aa6525fb0ea4848e221e6f86b73bb55f20e20c81fecebccbc8b36ceac0', 'com.docker.compose.container-number': '1', 'com.docker.compose.oneoff': 'False', 'com.docker.compose.project': 'abaco', 'com.docker.compose.service': 'spawner', 'com.docker.compose.version': '1.19.0'}, 'State': 'running', 'Status': 'Up 2 minutes', 'HostConfig': {'NetworkMode': 'default'}, 'NetworkSettings': {'Networks': {'bridge': {'IPAMConfig': None, 'Links': None, 'Aliases': None, 'NetworkID': 'c194bbf248fe888d9b6ed15134505631c5b802b3c62754f0d8eddfe12d3ab85a', 'EndpointID': '35694372e69239fa34d97f097a63c0b05a26f1dcdd51b7ed5de129dd1c9cd406', 'Gateway': '172.17.0.1', 'IPAddress': '172.17.0.7', 'IPPrefixLen': 16, 'IPv6Gateway': '', 'GlobalIPv6Address': '', 'GlobalIPv6PrefixLen': 0, 'MacAddress': '02:42:ac:11:00:07', 'DriverOpts': None}}}, 'Mounts': [{'Type': 'bind', 'Source': '/home/jlooney/PycharmProjects/abaco/local-dev.conf', 'Destination': '/etc/service.conf', 'Mode': 'rw', 'RW': True, 'Propagation': 'rprivate'}, {'Type': 'bind', 'Source': '/home/jlooney/PycharmProjects/abaco/abaco.log', 'Destination': '/var/log/service.log', 'Mode': 'rw', 'RW': True, 'Propagation': 'rprivate'}, {'Type': 'bind', 'Source': '/var/run/docker.sock', 'Destination': '/var/run/docker.sock', 'Mode': 'rw', 'RW': True, 'Propagation': 'rprivate'}]}] [in /actors/docker_utils.py:114]
2018-11-06 16:42:21,098 INFO: Found 0 actor(s). Now checking status. [in /actors/health.py:304]
2018-11-06 16:42:26,749 INFO: returning a logger set to level: DEBUG for module: codes [in /src/agaveflask/agaveflask/logs.py:96]
2018-11-06 16:42:26,749 DEBUG: using USER_ROLE: Internal/everyone [in /actors/codes.py:77]
2018-11-06 16:42:26,879 INFO: returning a logger set to level: DEBUG for module: docker_utils [in /src/agaveflask/agaveflask/logs.py:96]
2018-11-06 16:42:27,026 INFO: returning a logger set to level: DEBUG for module: store [in /src/agaveflask/agaveflask/logs.py:96]
2018-11-06 16:42:27,034 INFO: returning a logger set to level: DEBUG for module: models [in /src/agaveflask/agaveflask/logs.py:96]
2018-11-06 16:42:27,035 DEBUG: host_id: 0 [in /actors/docker_utils.py:35]
2018-11-06 16:42:27,037 INFO: returning a logger set to level: DEBUG for module: aga [in /src/agaveflask/agaveflask/logs.py:96]
2018-11-06 16:42:27,053 INFO: returning a logger set to level: DEBUG for module: auth [in /src/agaveflask/agaveflask/logs.py:96]
2018-11-06 16:42:27,091 INFO: returning a logger set to level: DEBUG for module: worker [in /src/agaveflask/agaveflask/logs.py:96]
2018-11-06 16:42:27,091 INFO: returning a logger set to level: DEBUG for module: __main__ [in /src/agaveflask/agaveflask/logs.py:96]
2018-11-06 16:42:27,091 INFO: Running abaco health checks. Now: 1541522547.091532 [in /actors/health.py:272]
2018-11-06 16:42:27,091 DEBUG: top of clean_up_socket_dirs [in /actors/health.py:57]
2018-11-06 16:42:27,091 DEBUG: processing socket_dir: /host/_abaco_results_sockets [in /actors/health.py:59]
2018-11-06 16:42:27,091 DEBUG: top of clean_up_fifo_dirs [in /actors/health.py:69]
2018-11-06 16:42:27,091 DEBUG: processing fifo_dir: /host/_abaco_fifos [in /actors/health.py:71]
2018-11-06 16:42:27,092 DEBUG: top of container_running(). [in /actors/docker_utils.py:101]
2018-11-06 16:42:27,098 DEBUG: found containers: [{'Id': 'b12e17e09b706b680b414b14e5fbaa39408b3577930bf2bf8e73f9fadbc7bfdf', 'Names': ['/abaco_spawner_1'], 'Image': 'abaco/core:dev', 'ImageID': 'sha256:52a31590b8afd6160567b182d672196a8b4345859960014f627d2e7f3a572635', 'Command': 'python3 -u /actors/spawner.py', 'Created': 1541522419, 'Ports': [{'PrivatePort': 5000, 'Type': 'tcp'}], 'Labels': {'com.docker.compose.config-hash': 'b65106aa6525fb0ea4848e221e6f86b73bb55f20e20c81fecebccbc8b36ceac0', 'com.docker.compose.container-number': '1', 'com.docker.compose.oneoff': 'False', 'com.docker.compose.project': 'abaco', 'com.docker.compose.service': 'spawner', 'com.docker.compose.version': '1.19.0'}, 'State': 'running', 'Status': 'Up 2 minutes', 'HostConfig': {'NetworkMode': 'default'}, 'NetworkSettings': {'Networks': {'bridge': {'IPAMConfig': None, 'Links': None, 'Aliases': None, 'NetworkID': 'c194bbf248fe888d9b6ed15134505631c5b802b3c62754f0d8eddfe12d3ab85a', 'EndpointID': '35694372e69239fa34d97f097a63c0b05a26f1dcdd51b7ed5de129dd1c9cd406', 'Gateway': '172.17.0.1', 'IPAddress': '172.17.0.7', 'IPPrefixLen': 16, 'IPv6Gateway': '', 'GlobalIPv6Address': '', 'GlobalIPv6PrefixLen': 0, 'MacAddress': '02:42:ac:11:00:07', 'DriverOpts': None}}}, 'Mounts': [{'Type': 'bind', 'Source': '/home/jlooney/PycharmProjects/abaco/local-dev.conf', 'Destination': '/etc/service.conf', 'Mode': 'rw', 'RW': True, 'Propagation': 'rprivate'}, {'Type': 'bind', 'Source': '/home/jlooney/PycharmProjects/abaco/abaco.log', 'Destination': '/var/log/service.log', 'Mode': 'rw', 'RW': True, 'Propagation': 'rprivate'}, {'Type': 'bind', 'Source': '/var/run/docker.sock', 'Destination': '/var/run/docker.sock', 'Mode': 'rw', 'RW': True, 'Propagation': 'rprivate'}]}] [in /actors/docker_utils.py:114]
2018-11-06 16:42:27,100 INFO: Found 0 actor(s). Now checking status. [in /actors/health.py:304]
2018-11-06 16:42:32,751 INFO: returning a logger set to level: DEBUG for module: codes [in /src/agaveflask/agaveflask/logs.py:96]
2018-11-06 16:42:32,752 DEBUG: using USER_ROLE: Internal/everyone [in /actors/codes.py:77]
2018-11-06 16:42:32,883 INFO: returning a logger set to level: DEBUG for module: docker_utils [in /src/agaveflask/agaveflask/logs.py:96]
2018-11-06 16:42:33,035 INFO: returning a logger set to level: DEBUG for module: store [in /src/agaveflask/agaveflask/logs.py:96]
2018-11-06 16:42:33,042 INFO: returning a logger set to level: DEBUG for module: models [in /src/agaveflask/agaveflask/logs.py:96]
2018-11-06 16:42:33,043 DEBUG: host_id: 0 [in /actors/docker_utils.py:35]
2018-11-06 16:42:33,045 INFO: returning a logger set to level: DEBUG for module: aga [in /src/agaveflask/agaveflask/logs.py:96]
2018-11-06 16:42:33,062 INFO: returning a logger set to level: DEBUG for module: auth [in /src/agaveflask/agaveflask/logs.py:96]
2018-11-06 16:42:33,102 INFO: returning a logger set to level: DEBUG for module: worker [in /src/agaveflask/agaveflask/logs.py:96]
2018-11-06 16:42:33,102 INFO: returning a logger set to level: DEBUG for module: __main__ [in /src/agaveflask/agaveflask/logs.py:96]
2018-11-06 16:42:33,102 INFO: Running abaco health checks. Now: 1541522553.1029353 [in /actors/health.py:272]
2018-11-06 16:42:33,103 DEBUG: top of clean_up_socket_dirs [in /actors/health.py:57]
2018-11-06 16:42:33,103 DEBUG: processing socket_dir: /host/_abaco_results_sockets [in /actors/health.py:59]
2018-11-06 16:42:33,103 DEBUG: top of clean_up_fifo_dirs [in /actors/health.py:69]
2018-11-06 16:42:33,103 DEBUG: processing fifo_dir: /host/_abaco_fifos [in /actors/health.py:71]
2018-11-06 16:42:33,103 DEBUG: top of container_running(). [in /actors/docker_utils.py:101]
2018-11-06 16:42:33,110 DEBUG: found containers: [{'Id': 'b12e17e09b706b680b414b14e5fbaa39408b3577930bf2bf8e73f9fadbc7bfdf', 'Names': ['/abaco_spawner_1'], 'Image': 'abaco/core:dev', 'ImageID': 'sha256:52a31590b8afd6160567b182d672196a8b4345859960014f627d2e7f3a572635', 'Command': 'python3 -u /actors/spawner.py', 'Created': 1541522419, 'Ports': [{'PrivatePort': 5000, 'Type': 'tcp'}], 'Labels': {'com.docker.compose.config-hash': 'b65106aa6525fb0ea4848e221e6f86b73bb55f20e20c81fecebccbc8b36ceac0', 'com.docker.compose.container-number': '1', 'com.docker.compose.oneoff': 'False', 'com.docker.compose.project': 'abaco', 'com.docker.compose.service': 'spawner', 'com.docker.compose.version': '1.19.0'}, 'State': 'running', 'Status': 'Up 2 minutes', 'HostConfig': {'NetworkMode': 'default'}, 'NetworkSettings': {'Networks': {'bridge': {'IPAMConfig': None, 'Links': None, 'Aliases': None, 'NetworkID': 'c194bbf248fe888d9b6ed15134505631c5b802b3c62754f0d8eddfe12d3ab85a', 'EndpointID': '35694372e69239fa34d97f097a63c0b05a26f1dcdd51b7ed5de129dd1c9cd406', 'Gateway': '172.17.0.1', 'IPAddress': '172.17.0.7', 'IPPrefixLen': 16, 'IPv6Gateway': '', 'GlobalIPv6Address': '', 'GlobalIPv6PrefixLen': 0, 'MacAddress': '02:42:ac:11:00:07', 'DriverOpts': None}}}, 'Mounts': [{'Type': 'bind', 'Source': '/home/jlooney/PycharmProjects/abaco/abaco.log', 'Destination': '/var/log/service.log', 'Mode': 'rw', 'RW': True, 'Propagation': 'rprivate'}, {'Type': 'bind', 'Source': '/var/run/docker.sock', 'Destination': '/var/run/docker.sock', 'Mode': 'rw', 'RW': True, 'Propagation': 'rprivate'}, {'Type': 'bind', 'Source': '/home/jlooney/PycharmProjects/abaco/local-dev.conf', 'Destination': '/etc/service.conf', 'Mode': 'rw', 'RW': True, 'Propagation': 'rprivate'}]}] [in /actors/docker_utils.py:114]
2018-11-06 16:42:33,112 INFO: Found 0 actor(s). Now checking status. [in /actors/health.py:304]
